<?xml version="1.0" encoding="UTF-8"?>
<testng-results ignored="0" total="0" passed="0" failed="0" skipped="0">
  <reporter-output>
  </reporter-output>
  <suite started-at="2023-03-11T23:09:31 EET" name="testcases.TestBase" finished-at="2023-03-11T23:09:31 EET" duration-ms="10">
    <groups>
    </groups>
    <test started-at="2023-03-11T23:09:31 EET" name="Command line test" finished-at="2023-03-11T23:09:31 EET" duration-ms="10">
      <class name="testcases.TestBase">
        <test-method is-config="true" signature="open()[pri:0, instance:testcases.TestBase@1e67a849]" started-at="2023-03-11T23:09:28 EET" name="open" finished-at="2023-03-11T23:09:31 EET" duration-ms="2994" status="PASS">
          <reporter-output>
          </reporter-output>
        </test-method> <!-- open -->
        <test-method is-config="true" signature="close()[pri:0, instance:testcases.TestBase@1e67a849]" started-at="2023-03-11T23:09:31 EET" name="close" finished-at="2023-03-11T23:09:32 EET" duration-ms="248" status="PASS">
          <reporter-output>
          </reporter-output>
        </test-method> <!-- close -->
      </class> <!-- testcases.TestBase -->
    </test> <!-- Command line test -->
  </suite> <!-- testcases.TestBase -->
</testng-results>
